14:11:56 --- (0) =================================================================
14:11:56 --- (0) Welcome to FIEStool - the automatic data processing tool
14:11:56 --- (0) for the FIES spectrograph at the Nordic Optical Telescope
14:11:56 --- (0) Copyright (c) 2005 NOTSA; All Rights Reserved
14:11:56 --- (0) This is version 1.3.2 (27/07/2009), written by Eric Stempels
14:11:56 --- (0) =================================================================
14:11:56 --- (0) Right-click on any item to obtain instantaneous help
14:11:56 --- (0) =================================================================
14:11:56 -*- (0) This is a sample warning
14:11:56 *** (0) This is a sample error
14:11:56 --- (0) =================================================================
14:11:56 --- (5) Restored configuration from default.cfg
14:11:56 --- (5) Restored configuration from default_autoload.acfg
14:18:23 --- (5) Restored configuration from /home/luketyas/iraf/FIEStool-1.3.2.1/settings/HRS_Data.cfg
14:18:53 --- (5) Reading order definition frame /home/luketyas/Desktop/HRS_Data/New folder/order_practice_red_1.fits
14:18:53 --- (0) Performing a rough background subtraction
14:18:53 *** (0) An unknown error occured in "findord" :
14:18:53 *** (0) Traceback (most recent call last):
14:18:53 *** (0)   File "./taskManager.py", line 51, in runTask
14:18:53 *** (0)     task().run(*args, **kwds)
14:18:53 *** (0)   File "/home/luketyas/iraf/FIEStool-1.3.2.1/tasks.py", line 1273, in run
14:18:53 *** (0)     frameUtils.remove_bg(indata, nsteps=10, poly_order_y=5)
14:18:53 *** (0)   File "/home/luketyas/iraf/FIEStool-1.3.2.1/frameUtils.py", line 919, in remove_bg
14:18:53 *** (0)     max_gradient = numpy.min((5, numpy.mean(meanvec.take(order_peaks)) / 4))
14:18:53 *** (0) TypeError: array cannot be safely cast to required type
14:21:11 --- (5) Reading order definition frame /home/luketyas/Desktop/HRS_Data/New folder/order_practice_red_1.fits
14:21:11 --- (0) Performing a rough background subtraction
14:21:11 --- (5) Saving order definition reference to /home/luketyas/Desktop/HRS_Data/Reference/orderdef.fits
14:21:11 --- (0) Finding the order locations
14:22:42 --- (0) Creating combined FLAT frame
14:22:46 --- (0) Processing frame 1 of 3 (flat_blue_1.fits)
